c:\users\liuye\documents\visual studio 2013\projects\opengllearn\qtopengl\debug\vc120.pdb
c:\users\liuye\documents\visual studio 2013\projects\opengllearn\qtopengl\debug\qrc_qtopengl.obj
c:\users\liuye\documents\visual studio 2013\projects\opengllearn\qtopengl\debug\qtopengl.obj
c:\users\liuye\documents\visual studio 2013\projects\opengllearn\qtopengl\debug\main.obj
c:\users\liuye\documents\visual studio 2013\projects\opengllearn\qtopengl\debug\moc_qtopengl.obj
c:\users\liuye\documents\visual studio 2013\projects\opengllearn\qtopengl\debug\render.obj
c:\users\liuye\documents\visual studio 2013\projects\opengllearn\qtopengl\generatedfiles\ui_qtopengl.h
c:\users\liuye\documents\visual studio 2013\projects\opengllearn\qtopengl\generatedfiles\qrc_qtopengl.cpp
c:\users\liuye\documents\visual studio 2013\projects\opengllearn\qtopengl\generatedfiles\debug\moc_qtopengl.cpp
c:\users\liuye\documents\visual studio 2013\projects\opengllearn\win32\debug\qtopengl.ilk
c:\users\liuye\documents\visual studio 2013\projects\opengllearn\win32\debug\qtopengl.exe
c:\users\liuye\documents\visual studio 2013\projects\opengllearn\win32\debug\qtopengl.pdb
c:\users\liuye\documents\visual studio 2013\projects\opengllearn\qtopengl\debug\qtopengl.tlog\cl.command.1.tlog
c:\users\liuye\documents\visual studio 2013\projects\opengllearn\qtopengl\debug\qtopengl.tlog\cl.read.1.tlog
c:\users\liuye\documents\visual studio 2013\projects\opengllearn\qtopengl\debug\qtopengl.tlog\cl.write.1.tlog
c:\users\liuye\documents\visual studio 2013\projects\opengllearn\qtopengl\debug\qtopengl.tlog\custombuild.command.1.tlog
c:\users\liuye\documents\visual studio 2013\projects\opengllearn\qtopengl\debug\qtopengl.tlog\custombuild.read.1.tlog
c:\users\liuye\documents\visual studio 2013\projects\opengllearn\qtopengl\debug\qtopengl.tlog\custombuild.write.1.tlog
c:\users\liuye\documents\visual studio 2013\projects\opengllearn\qtopengl\debug\qtopengl.tlog\link.command.1.tlog
c:\users\liuye\documents\visual studio 2013\projects\opengllearn\qtopengl\debug\qtopengl.tlog\link.read.1.tlog
c:\users\liuye\documents\visual studio 2013\projects\opengllearn\qtopengl\debug\qtopengl.tlog\link.write.1.tlog
